<?xml version="1.0" encoding="UTF-8"?>
<testsuite name="guru.qa.Git_test" tests="1" skipped="0" failures="0" errors="0" timestamp="2022-08-01T09:33:09" hostname="DESKTOP-3IOLHT5" time="0.015">
  <properties/>
  <testcase name="firstTest()" classname="guru.qa.Git_test" time="0.015"/>
  <system-out><![CDATA[]]></system-out>
  <system-err><![CDATA[]]></system-err>
</testsuite>
